<?xml version="1.0" encoding="UTF-8"?>
<robot generator="Robot 7.3.2 (Python 3.14.0 on darwin)" generated="2025-11-17T12:14:24.209804" rpa="false" schemaversion="5">
<suite id="s1" name="Tests" source="/Users/jadeho/palautusrepositorio/viikko3/hello-robot/src/tests">
<suite id="s1-s1" name="Increase Counter" source="/Users/jadeho/palautusrepositorio/viikko3/hello-robot/src/tests/increase_counter.robot">
<test id="s1-s1-t1" name="Increase Counter Once" line="5">
<kw name="Counter Value Should Be" owner="CounterLibrary">
<arg>0</arg>
<status status="PASS" start="2025-11-17T12:14:24.224312" elapsed="0.000062"/>
</kw>
<kw name="Increase Counter" owner="CounterLibrary">
<status status="PASS" start="2025-11-17T12:14:24.224440" elapsed="0.000040"/>
</kw>
<kw name="Counter Value Should Be" owner="CounterLibrary">
<arg>1</arg>
<status status="PASS" start="2025-11-17T12:14:24.224521" elapsed="0.000034"/>
</kw>
<status status="PASS" start="2025-11-17T12:14:24.224041" elapsed="0.000563"/>
</test>
<test id="s1-s1-t2" name="Increase Counter Many Times" line="10">
<kw name="Counter Value Should Be" owner="CounterLibrary">
<arg>0</arg>
<status status="PASS" start="2025-11-17T12:14:24.224771" elapsed="0.000036"/>
</kw>
<kw name="Increase Counter" owner="CounterLibrary">
<status status="PASS" start="2025-11-17T12:14:24.224842" elapsed="0.000027"/>
</kw>
<kw name="Increase Counter" owner="CounterLibrary">
<status status="PASS" start="2025-11-17T12:14:24.224901" elapsed="0.000024"/>
</kw>
<kw name="Increase Counter" owner="CounterLibrary">
<status status="PASS" start="2025-11-17T12:14:24.224956" elapsed="0.000025"/>
</kw>
<kw name="Counter Value Should Be" owner="CounterLibrary">
<arg>3</arg>
<status status="PASS" start="2025-11-17T12:14:24.225011" elapsed="0.000026"/>
</kw>
<status status="PASS" start="2025-11-17T12:14:24.224674" elapsed="0.000404"/>
</test>
<test id="s1-s1-t3" name="Increment Counter By Amount" line="17">
<kw name="Counter Value Should Be" owner="CounterLibrary">
<arg>0</arg>
<status status="PASS" start="2025-11-17T12:14:24.225227" elapsed="0.000034"/>
</kw>
<kw name="Increment Counter By" owner="CounterLibrary">
<arg>5</arg>
<status status="PASS" start="2025-11-17T12:14:24.225294" elapsed="0.000029"/>
</kw>
<kw name="Counter Value Should Be" owner="CounterLibrary">
<arg>5</arg>
<status status="PASS" start="2025-11-17T12:14:24.225354" elapsed="0.000026"/>
</kw>
<status status="PASS" start="2025-11-17T12:14:24.225138" elapsed="0.000280"/>
</test>
<test id="s1-s1-t4" name="Reset Counter After One Increment" line="22">
<kw name="Counter Value Should Be" owner="CounterLibrary">
<arg>0</arg>
<status status="PASS" start="2025-11-17T12:14:24.225559" elapsed="0.000033"/>
</kw>
<kw name="Increase Counter" owner="CounterLibrary">
<status status="PASS" start="2025-11-17T12:14:24.225626" elapsed="0.000025"/>
</kw>
<kw name="Counter Value Should Be" owner="CounterLibrary">
<arg>1</arg>
<status status="PASS" start="2025-11-17T12:14:24.225680" elapsed="0.000025"/>
</kw>
<kw name="Reset Counter" owner="CounterLibrary">
<status status="PASS" start="2025-11-17T12:14:24.225736" elapsed="0.000023"/>
</kw>
<kw name="Counter Value Should Be" owner="CounterLibrary">
<arg>0</arg>
<status status="PASS" start="2025-11-17T12:14:24.225788" elapsed="0.000025"/>
</kw>
<status status="PASS" start="2025-11-17T12:14:24.225473" elapsed="0.000376"/>
</test>
<test id="s1-s1-t5" name="Reset Counter After Several Increments" line="29">
<kw name="Counter Value Should Be" owner="CounterLibrary">
<arg>0</arg>
<status status="PASS" start="2025-11-17T12:14:24.225989" elapsed="0.000032"/>
</kw>
<kw name="Increment Counter By" owner="CounterLibrary">
<arg>5</arg>
<status status="PASS" start="2025-11-17T12:14:24.226057" elapsed="0.000027"/>
</kw>
<kw name="Counter Value Should Be" owner="CounterLibrary">
<arg>5</arg>
<status status="PASS" start="2025-11-17T12:14:24.226115" elapsed="0.000030"/>
</kw>
<kw name="Reset Counter" owner="CounterLibrary">
<status status="PASS" start="2025-11-17T12:14:24.226174" elapsed="0.000024"/>
</kw>
<kw name="Counter Value Should Be" owner="CounterLibrary">
<arg>0</arg>
<status status="PASS" start="2025-11-17T12:14:24.226225" elapsed="0.000025"/>
</kw>
<status status="PASS" start="2025-11-17T12:14:24.225901" elapsed="0.000388"/>
</test>
<status status="PASS" start="2025-11-17T12:14:24.222430" elapsed="0.003980"/>
</suite>
<status status="PASS" start="2025-11-17T12:14:24.210384" elapsed="0.016189"/>
</suite>
<statistics>
<total>
<stat pass="5" fail="0" skip="0">All Tests</stat>
</total>
<tag>
</tag>
<suite>
<stat name="Tests" id="s1" pass="5" fail="0" skip="0">Tests</stat>
<stat name="Increase Counter" id="s1-s1" pass="5" fail="0" skip="0">Tests.Increase Counter</stat>
</suite>
</statistics>
<errors>
</errors>
</robot>
